2023-08-06 01:06:44.216867 - Initialized conversion of CBT1040
2023-08-06 01:06:44.611693 - Received CBT.V505.FILE1040.PDS from FILE1040.XMI 
2023-08-06 01:06:44.613812 - Found $$$#DATE.txt (text/plain) in CBT.V505.FILE1040.PDS, moved to PDS/$$$#DATE
2023-08-06 01:06:44.614747 - Found #INDEX.txt (text/plain) in CBT.V505.FILE1040.PDS, moved to PDS/#INDEX
2023-08-06 01:06:44.615659 - Found @@README.txt (text/plain) in CBT.V505.FILE1040.PDS, moved to PDS/@@README
2023-08-06 01:06:44.616826 - Found @FIL1040.txt (text/plain) in CBT.V505.FILE1040.PDS, moved to PDS/@FIL1040
2023-08-06 01:06:44.617905 - Found ADDXREF.rexx (text/plain) in CBT.V505.FILE1040.PDS, moved to PDS/ADDXREF
2023-08-06 01:06:44.618856 - Found ALLPLIB.rexx (text/plain) in CBT.V505.FILE1040.PDS, moved to PDS/ALLPLIB
2023-08-06 01:06:44.619797 - Found CALLEDBY.rexx (text/plain) in CBT.V505.FILE1040.PDS, moved to PDS/CALLEDBY
2023-08-06 01:06:44.620717 - Found COMBINE.rexx (text/plain) in CBT.V505.FILE1040.PDS, moved to PDS/COMBINE
2023-08-06 01:06:44.621776 - Found COMPARM.rexx (text/plain) in CBT.V505.FILE1040.PDS, moved to PDS/COMPARM
2023-08-06 01:06:44.622865 - Found COMPDT.rexx (text/plain) in CBT.V505.FILE1040.PDS, moved to PDS/COMPDT
2023-08-06 01:06:44.623982 - Found COMPILE.rexx (text/plain) in CBT.V505.FILE1040.PDS, moved to PDS/COMPILE
2023-08-06 01:06:44.624852 - Found COMPSTAT.rexx (text/plain) in CBT.V505.FILE1040.PDS, moved to PDS/COMPSTAT
2023-08-06 01:06:44.625731 - Found ELEMENTS.rexx (text/plain) in CBT.V505.FILE1040.PDS, moved to PDS/ELEMENTS
2023-08-06 01:06:44.626612 - Found ELEMLEN.rexx (text/plain) in CBT.V505.FILE1040.PDS, moved to PDS/ELEMLEN
2023-08-06 01:06:44.627482 - Found ENTCOMM.rexx (text/plain) in CBT.V505.FILE1040.PDS, moved to PDS/ENTCOMM
2023-08-06 01:06:44.628345 - Found IOSTMT.rexx (text/plain) in CBT.V505.FILE1040.PDS, moved to PDS/IOSTMT
2023-08-06 01:06:44.629234 - Found LCOMM.rexx (text/plain) in CBT.V505.FILE1040.PDS, moved to PDS/LCOMM
2023-08-06 01:06:44.630235 - Found ONEPERLN.rexx (text/plain) in CBT.V505.FILE1040.PDS, moved to PDS/ONEPERLN
2023-08-06 01:06:44.631204 - Found PARSEDCL.rexx (text/plain) in CBT.V505.FILE1040.PDS, moved to PDS/PARSEDCL
2023-08-06 01:06:44.632063 - Found PGFS.rexx (text/plain) in CBT.V505.FILE1040.PDS, moved to PDS/PGFS
2023-08-06 01:06:44.632071 - Found PLIFLOW.bin containing application/octet-stream, moved to PDS/PLIFLOW
2023-08-06 01:06:44.634007 - Found PLILBLS.rexx (text/plain) in CBT.V505.FILE1040.PDS, moved to PDS/PLILBLS
2023-08-06 01:06:44.634974 - Found PLIMSGE.rexx (text/plain) in CBT.V505.FILE1040.PDS, moved to PDS/PLIMSGE
2023-08-06 01:06:44.635873 - Found PLIMSGO.rexx (text/plain) in CBT.V505.FILE1040.PDS, moved to PDS/PLIMSGO
2023-08-06 01:06:44.636753 - Found PLIMSGS.rexx (text/plain) in CBT.V505.FILE1040.PDS, moved to PDS/PLIMSGS
2023-08-06 01:06:44.637744 - Found PLINIT.rexx (text/plain) in CBT.V505.FILE1040.PDS, moved to PDS/PLINIT
2023-08-06 01:06:44.638665 - Found PLIPARA.rexx (text/plain) in CBT.V505.FILE1040.PDS, moved to PDS/PLIPARA
2023-08-06 01:06:44.639577 - Found PLIPOS.rexx (text/plain) in CBT.V505.FILE1040.PDS, moved to PDS/PLIPOS
2023-08-06 01:06:44.640459 - Found PLISKIP.rexx (text/plain) in CBT.V505.FILE1040.PDS, moved to PDS/PLISKIP
2023-08-06 01:06:44.641361 - Found PLIXREF.rexx (text/plain) in CBT.V505.FILE1040.PDS, moved to PDS/PLIXREF
2023-08-06 01:06:44.642328 - Found PLIXREFE.rexx (text/plain) in CBT.V505.FILE1040.PDS, moved to PDS/PLIXREFE
2023-08-06 01:06:44.643272 - Found PLIXREFO.rexx (text/plain) in CBT.V505.FILE1040.PDS, moved to PDS/PLIXREFO
2023-08-06 01:06:44.644178 - Found QIO.rexx (text/x-pascal) in CBT.V505.FILE1040.PDS, moved to PDS/QIO
2023-08-06 01:06:44.645064 - Found QJAM.rexx (text/plain) in CBT.V505.FILE1040.PDS, moved to PDS/QJAM
2023-08-06 01:06:44.646041 - Found QSQL.rexx (text/plain) in CBT.V505.FILE1040.PDS, moved to PDS/QSQL
2023-08-06 01:06:44.647029 - Found SEGMENT.rexx (text/plain) in CBT.V505.FILE1040.PDS, moved to PDS/SEGMENT
2023-08-06 01:06:44.647935 - Found SHORTPG.rexx (text/plain) in CBT.V505.FILE1040.PDS, moved to PDS/SHORTPG
2023-08-06 01:06:44.648860 - Found SLICKIO.rexx (text/plain) in CBT.V505.FILE1040.PDS, moved to PDS/SLICKIO
2023-08-06 01:06:44.649832 - Found SPLITDO.rexx (text/plain) in CBT.V505.FILE1040.PDS, moved to PDS/SPLITDO
2023-08-06 01:06:44.650835 - Found TRIMPLI.rexx (text/plain) in CBT.V505.FILE1040.PDS, moved to PDS/TRIMPLI
2023-08-06 01:06:44.651825 - Found WHATINC.rexx (text/plain) in CBT.V505.FILE1040.PDS, moved to PDS/WHATINC
